<?xml version="1.0" encoding="UTF-8"?><testsuite errors="2" failures="0" name="Agregar productos carrito de compras linio" skipped="0" tests="2" time="15.44" timestamp="2021-06-27 12:38:44"><testcase name="Title of your scenario outline"><error message="element click intercepted: Element &lt;button class=&quot;btn btn-primary btn-search&quot; type=&quot;submit&quot; tabindex=&quot;-1&quot;&gt;...&lt;/button&gt; is not clickable at point (1312, 28). Other element would receive the click: &lt;div class=&quot;dy-modal-wrapper&quot;&gt;...&lt;/div&gt;&#10;  (Session info: chrome=91.0.4472.114)&#10;Build info: version: '3.141.59', revision: 'e82be7d358', time: '2018-11-14T08:17:03'&#10;System info: host: 'DESKTOP-C5EKKR0', ip: '192.168.220.1', os.name: 'Windows 10', os.arch: 'x86', os.version: '10.0', java.version: '1.8.0_291'&#10;Driver info: org.openqa.selenium.chrome.ChromeDriver&#10;Capabilities {acceptInsecureCerts: false, browserName: chrome, browserVersion: 91.0.4472.114, chrome: {chromedriverVersion: 91.0.4472.101 (af52a90bf870..., userDataDir: C:\Users\user\AppData\Local...}, goog:chromeOptions: {debuggerAddress: localhost:60580}, javascriptEnabled: true, networkConnectionEnabled: false, pageLoadStrategy: normal, platform: WINDOWS, platformName: WINDOWS, proxy: Proxy(), setWindowRect: true, strictFileInteractability: false, timeouts: {implicit: 0, pageLoad: 300000, script: 30000}, unhandledPromptBehavior: dismiss and notify, webauthn:extension:largeBlob: true, webauthn:virtualAuthenticators: true}&#10;Session ID: 52b51c41790d3b6fff985262562a2c5f&#10;Build info: version: '3.141.59', revision: 'e82be7d358', time: '2018-11-14T08:17:03'&#10;System info: host: 'DESKTOP-C5EKKR0', ip: '192.168.220.1', os.name: 'Windows 10', os.arch: 'x86', os.version: '10.0', java.version: '1.8.0_291'&#10;Driver info: driver.version: unknown" type="org.openqa.selenium.ElementClickInterceptedException">element click intercepted: Element &lt;button class="btn btn-primary btn-search" type="submit" tabindex="-1"&gt;...&lt;/button&gt; is not clickable at point (1312, 28). Other element would receive the click: &lt;div class="dy-modal-wrapper"&gt;...&lt;/div&gt;
  (Session info: chrome=91.0.4472.114)
Build info: version: '3.141.59', revision: 'e82be7d358', time: '2018-11-14T08:17:03'
System info: host: 'DESKTOP-C5EKKR0', ip: '192.168.220.1', os.name: 'Windows 10', os.arch: 'x86', os.version: '10.0', java.version: '1.8.0_291'
Driver info: org.openqa.selenium.chrome.ChromeDriver
Capabilities {acceptInsecureCerts: false, browserName: chrome, browserVersion: 91.0.4472.114, chrome: {chromedriverVersion: 91.0.4472.101 (af52a90bf870..., userDataDir: C:\Users\user\AppData\Local...}, goog:chromeOptions: {debuggerAddress: localhost:60580}, javascriptEnabled: true, networkConnectionEnabled: false, pageLoadStrategy: normal, platform: WINDOWS, platformName: WINDOWS, proxy: Proxy(), setWindowRect: true, strictFileInteractability: false, timeouts: {implicit: 0, pageLoad: 300000, script: 30000}, unhandledPromptBehavior: dismiss and notify, webauthn:extension:largeBlob: true, webauthn:virtualAuthenticators: true}
Session ID: 52b51c41790d3b6fff985262562a2c5f
Build info: version: '3.141.59', revision: 'e82be7d358', time: '2018-11-14T08:17:03'
System info: host: 'DESKTOP-C5EKKR0', ip: '192.168.220.1', os.name: 'Windows 10', os.arch: 'x86', os.version: '10.0', java.version: '1.8.0_291'
Driver info: driver.version: unknown</error><system-err>element click intercepted: Element &lt;button class="btn btn-primary btn-search" type="submit" tabindex="-1"&gt;...&lt;/button&gt; is not clickable at point (1312, 28). Other element would receive the click: &lt;div class="dy-modal-wrapper"&gt;...&lt;/div&gt;
  (Session info: chrome=91.0.4472.114)
Build info: version: '3.141.59', revision: 'e82be7d358', time: '2018-11-14T08:17:03'
System info: host: 'DESKTOP-C5EKKR0', ip: '192.168.220.1', os.name: 'Windows 10', os.arch: 'x86', os.version: '10.0', java.version: '1.8.0_291'
Driver info: org.openqa.selenium.chrome.ChromeDriver
Capabilities {acceptInsecureCerts: false, browserName: chrome, browserVersion: 91.0.4472.114, chrome: {chromedriverVersion: 91.0.4472.101 (af52a90bf870..., userDataDir: C:\Users\user\AppData\Local...}, goog:chromeOptions: {debuggerAddress: localhost:60580}, javascriptEnabled: true, networkConnectionEnabled: false, pageLoadStrategy: normal, platform: WINDOWS, platformName: WINDOWS, proxy: Proxy(), setWindowRect: true, strictFileInteractability: false, timeouts: {implicit: 0, pageLoad: 300000, script: 30000}, unhandledPromptBehavior: dismiss and notify, webauthn:extension:largeBlob: true, webauthn:virtualAuthenticators: true}
Session ID: 52b51c41790d3b6fff985262562a2c5f
Build info: version: '3.141.59', revision: 'e82be7d358', time: '2018-11-14T08:17:03'
System info: host: 'DESKTOP-C5EKKR0', ip: '192.168.220.1', os.name: 'Windows 10', os.arch: 'x86', os.version: '10.0', java.version: '1.8.0_291'
Driver info: driver.version: unknown&#13;
com.sophossolutions.actions.Action.buscarProducto(Action.java:23)&#13;
com.sophossolutions.pages.LinioHome.buscarProducto(LinioHome.java:26)&#13;
com.sophossolutions.stepdefinitions.LinioHomeStepDefinitions.busco(LinioHomeStepDefinitions.java:21)&#13;
✽.busco "sillas de oficina-3"(file:///D:/FORMACIÓN%20PROGRAMACION/SEMILLERO%20DE%20AUTOMATIZACIÓN/7.%20POM/ProyectoLinio/Linio/src/test/resources/com/sophossolutions/features/LinioHome.feature:7)&#13;
</system-err></testcase></testsuite>